<?xml version="1.0" encoding="UTF-8"?>
<!-- Generated by org.testng.reporters.JUnitReportReporter -->
<testsuite skipped="0" hostname="LAPTOP-CHPRGC7C" name="testNGHomeworkPackage.TestNGCustomerV2" tests="2" failures="0" timestamp="2022-05-31T14:55:13 CDT" time="11.513" errors="0">
  <testcase name="myLogin" time="3.426" classname="testNGHomeworkPackage.TestNGCustomerV2"/>
  <system-out/>
  <testcase name="d" time="8.087" classname="testNGHomeworkPackage.TestNGCustomerV2"/>
  <system-out/>
</testsuite> <!-- testNGHomeworkPackage.TestNGCustomerV2 -->
