<?xml version="1.0" encoding="UTF-8"?>
<!-- Generated by org.testng.reporters.JUnitReportReporter -->
<testsuite skipped="0" hostname="LAPTOP-CHPRGC7C" name="testNGHomeworkPackage.MyCustomerV3" tests="1" failures="0" timestamp="2022-05-31T13:27:09 CDT" time="2.146" errors="0">
  <testcase name="addCustomerTest" time="2.146" classname="testNGHomeworkPackage.MyCustomerV3"/>
  <system-out/>
</testsuite> <!-- testNGHomeworkPackage.MyCustomerV3 -->
