<?xml version="1.0" encoding="UTF-8"?>
<!-- Generated by org.testng.reporters.JUnitReportReporter -->
<testsuite skipped="0" hostname="LAPTOP-CHPRGC7C" name="testNGHomeworkPackage.MyCustomer" tests="1" failures="0" timestamp="2022-05-28T08:16:39 CDT" time="20.764" errors="0">
  <testcase name="myLogin" time="20.764" classname="testNGHomeworkPackage.MyCustomer"/>
  <system-out/>
</testsuite> <!-- testNGHomeworkPackage.MyCustomer -->
