<?xml version="1.0" encoding="UTF-8"?>
<!-- Generated by org.testng.reporters.JUnitReportReporter -->
<testsuite skipped="0" hostname="LAPTOP-CHPRGC7C" name="testNGHomeworkPackage.TestNGCustomer" tests="2" failures="0" timestamp="2022-05-31T13:27:41 CDT" time="15.173" errors="0">
  <testcase name="myLogin" time="5.162" classname="testNGHomeworkPackage.TestNGCustomer"/>
  <system-out/>
  <testcase name="d" time="10.011" classname="testNGHomeworkPackage.TestNGCustomer"/>
  <system-out/>
</testsuite> <!-- testNGHomeworkPackage.TestNGCustomer -->
