<?xml version="1.0" encoding="UTF-8"?>
<!-- Generated by org.testng.reporters.JUnitReportReporter -->
<testsuite skipped="0" hostname="LAPTOP-CHPRGC7C" name="testNGHomeworkPackage.MyCustomerV2" tests="1" failures="0" timestamp="2022-05-19T19:57:05 CDT" time="8.749" errors="0">
  <testcase name="myLogin" time="8.749" classname="testNGHomeworkPackage.MyCustomerV2"/>
  <system-out/>
</testsuite> <!-- testNGHomeworkPackage.MyCustomerV2 -->
